<?xml version="1.0" encoding="UTF-8"?>
<!-- Generated by org.testng.reporters.JUnitReportReporter -->
<testsuite skipped="0" hostname="LAPTOP-37U5HGM7" name="com.gcr.scripts.Testforumscripts" tests="1" failures="0" timestamp="2022-07-08T10:45:09 IST" time="23.835" errors="0">
  <testcase name="TestforumscriptsTestcase" time="23.835" classname="com.gcr.scripts.Testforumscripts"/>
  <system-out/>
</testsuite> <!-- com.gcr.scripts.Testforumscripts -->
